------------------------------------------------------------------------------------------------------------------------------------------------------------------
      name:  <unnamed>
       log:  C:\Users\Samuel\PycharmProjects\SR-GWAS\Example\Data\Output.log
  log type:  text
 opened on:  17 May 2021, 15:24:44

. 
. * Model 1 **********************************************************************
. 
. * regress BMI on G, sex, YoB, PCs
. regress bmi rs012 gender age pc1-pc10

      Source |       SS           df       MS      Number of obs   =       483
-------------+----------------------------------   F(13, 469)      =      0.80
       Model |  231.902501        13  17.8386539   Prob > F        =    0.6624
    Residual |  10482.4654       469  22.3506725   R-squared       =    0.0216
-------------+----------------------------------   Adj R-squared   =   -0.0055
       Total |  10714.3679       482  22.2289791   Root MSE        =    4.7276

------------------------------------------------------------------------------
         bmi |      Coef.   Std. Err.      t    P>|t|     [95% Conf. Interval]
-------------+----------------------------------------------------------------
       rs012 |   .2277273   .2694154     0.85   0.398    -.3016834     .757138
      gender |   .1336379   .4371891     0.31   0.760    -.7254541    .9927298
         age |   .0270645    .020081     1.35   0.178    -.0123954    .0665244
         pc1 |   -.143817   .2186442    -0.66   0.511    -.5734604    .2858265
         pc2 |   .2133392   .2177118     0.98   0.328    -.2144722    .6411506
         pc3 |  -.1790039    .219257    -0.82   0.415    -.6098516    .2518439
         pc4 |   .1712195   .2169299     0.79   0.430    -.2550552    .5974943
         pc5 |   .2015757   .2179675     0.92   0.356     -.226738    .6298893
         pc6 |   .1648137    .219475     0.75   0.453    -.2664622    .5960897
         pc7 |    .330848   .2185311     1.51   0.131    -.0985732    .7602692
         pc8 |   .0273083   .2171137     0.13   0.900    -.3993277    .4539443
         pc9 |  -.0096015   .2174869    -0.04   0.965    -.4369708    .4177678
        pc10 |   .0579231   .2191685     0.26   0.792    -.3727507    .4885969
       _cons |  -30.70116   39.20148    -0.78   0.434    -107.7334    46.33112
------------------------------------------------------------------------------

. 
. * Model 2 **********************************************************************
. 
. * Residualise BMI
. reg bmi gender age pc1-pc10

      Source |       SS           df       MS      Number of obs   =       483
-------------+----------------------------------   F(12, 470)      =      0.81
       Model |  215.933568        12   17.994464   Prob > F        =    0.6449
    Residual |  10498.4343       470  22.3370944   R-squared       =    0.0202
-------------+----------------------------------   Adj R-squared   =   -0.0049
       Total |  10714.3679       482  22.2289791   Root MSE        =    4.7262

------------------------------------------------------------------------------
         bmi |      Coef.   Std. Err.      t    P>|t|     [95% Conf. Interval]
-------------+----------------------------------------------------------------
      gender |   .1360225   .4370472     0.31   0.756    -.7227858    .9948309
         age |   .0273592   .0200719     1.36   0.174    -.0120826    .0668009
         pc1 |  -.1357422    .218369    -0.62   0.534    -.5648426    .2933582
         pc2 |   .2165574   .2176124     1.00   0.320    -.2110563     .644171
         pc3 |  -.1850576   .2190735    -0.84   0.399    -.6155422    .2454271
         pc4 |   .1631791   .2166554     0.75   0.452    -.2625539    .5889122
         pc5 |   .2151062   .2173128     0.99   0.323    -.2119187    .6421312
         pc6 |   .1520609   .2188892     0.69   0.488    -.2780618    .5821835
         pc7 |   .3453373   .2177915     1.59   0.113    -.0826284    .7733029
         pc8 |   .0326325   .2169564     0.15   0.881     -.393692     .458957
         pc9 |  -.0126248   .2173914    -0.06   0.954    -.4398041    .4145546
        pc10 |   .0434017   .2184278     0.20   0.843    -.3858142    .4726175
       _cons |  -31.06257   39.18724    -0.79   0.428    -108.0664    45.94129
------------------------------------------------------------------------------

. predict BMIres, residuals

. 
. * regress residualised BMI on G
. regress BMIres rs012 

      Source |       SS           df       MS      Number of obs   =       483
-------------+----------------------------------   F(1, 481)       =      0.71
       Model |   15.487832         1   15.487832   Prob > F        =    0.3996
    Residual |  10482.9465       481  21.7940676   R-squared       =    0.0015
-------------+----------------------------------   Adj R-squared   =   -0.0006
       Total |  10498.4343       482  21.7809841   Root MSE        =    4.6684

------------------------------------------------------------------------------
      BMIres |      Coef.   Std. Err.      t    P>|t|     [95% Conf. Interval]
-------------+----------------------------------------------------------------
       rs012 |   .2208665   .2620014     0.84   0.400    -.2939423    .7356752
       _cons |  -.2085199   .3260475    -0.64   0.523    -.8491733    .4321335
------------------------------------------------------------------------------

. 
. * Model 3 **********************************************************************
. * Residualised G
. reg rs012 gender age pc1-pc10

      Source |       SS           df       MS      Number of obs   =       483
-------------+----------------------------------   F(12, 470)      =      1.22
       Model |  9.56513742        12  .797094785   Prob > F        =    0.2682
    Residual |  307.925546       470  .655160736   R-squared       =    0.0301
-------------+----------------------------------   Adj R-squared   =    0.0054
       Total |  317.490683       482  .658694364   Root MSE        =    .80942

------------------------------------------------------------------------------
       rs012 |      Coef.   Std. Err.      t    P>|t|     [95% Conf. Interval]
-------------+----------------------------------------------------------------
      gender |   .0104716   .0748495     0.14   0.889    -.1366095    .1575527
         age |   .0012939   .0034375     0.38   0.707    -.0054609    .0080488
         pc1 |   .0354582   .0373983     0.95   0.344    -.0380303    .1089467
         pc2 |   .0141316   .0372687     0.38   0.705    -.0591023    .0873655
         pc3 |   -.026583   .0375189    -0.71   0.479    -.1003086    .0471426
         pc4 |  -.0353071   .0371048    -0.95   0.342    -.1082189    .0376048
         pc5 |   .0594157   .0372174     1.60   0.111    -.0137174    .1325488
         pc6 |  -.0560006   .0374874    -1.49   0.136    -.1296642     .017663
         pc7 |   .0636255   .0372994     1.71   0.089    -.0096687    .1369196
         pc8 |   .0233798   .0371563     0.63   0.530    -.0496334    .0963929
         pc9 |  -.0132756   .0372308    -0.36   0.722    -.0864352    .0598839
        pc10 |  -.0637668   .0374083    -1.70   0.089    -.1372751    .0097415
       _cons |  -1.587059   6.711278    -0.24   0.813    -14.77488    11.60076
------------------------------------------------------------------------------

. predict Gres, residuals

. 
. * regress BMI on residualised G
. regress bmi Gres 

      Source |       SS           df       MS      Number of obs   =       483
-------------+----------------------------------   F(1, 481)       =      0.72
       Model |  15.9689345         1  15.9689345   Prob > F        =    0.3972
    Residual |   10698.399       481  22.2419937   R-squared       =    0.0015
-------------+----------------------------------   Adj R-squared   =   -0.0006
       Total |  10714.3679       482  22.2289791   Root MSE        =    4.7161

------------------------------------------------------------------------------
         bmi |      Coef.   Std. Err.      t    P>|t|     [95% Conf. Interval]
-------------+----------------------------------------------------------------
        Gres |   .2277273   .2687596     0.85   0.397    -.3003606    .7558153
       _cons |   22.41011   .2145919   104.43   0.000     21.98846    22.83176
------------------------------------------------------------------------------

. 
. * Model 4 **********************************************************************
. * regress residualised BMI on residualised G
. regress BMIres Gres

      Source |       SS           df       MS      Number of obs   =       483
-------------+----------------------------------   F(1, 481)       =      0.73
       Model |  15.9689342         1  15.9689342   Prob > F        =    0.3924
    Residual |  10482.4654       481  21.7930674   R-squared       =    0.0015
-------------+----------------------------------   Adj R-squared   =   -0.0006
       Total |  10498.4343       482  21.7809841   Root MSE        =    4.6683

------------------------------------------------------------------------------
      BMIres |      Coef.   Std. Err.      t    P>|t|     [95% Conf. Interval]
-------------+----------------------------------------------------------------
        Gres |   .2277273   .2660335     0.86   0.392    -.2950041    .7504587
       _cons |   3.18e-09   .2124152     0.00   1.000    -.4173764    .4173764
------------------------------------------------------------------------------

. 
. log close
      name:  <unnamed>
       log:  C:\Users\Samuel\PycharmProjects\SR-GWAS\Example\Data\Output.log
  log type:  text
 closed on:  17 May 2021, 15:24:44
------------------------------------------------------------------------------------------------------------------------------------------------------------------
